\BOOKMARK [0][-]{section*.1}{Contents}{}% 1
\BOOKMARK [0][-]{chapter.1}{Introduction}{}% 2
\BOOKMARK [0][-]{chapter.2}{Background}{}% 3
\BOOKMARK [1][-]{section.2.1}{Definition of Knitting Pattern and Knitting Pattern Chart}{chapter.2}% 4
\BOOKMARK [1][-]{section.2.2}{Comparison of existing Android solutions}{chapter.2}% 5
\BOOKMARK [2][-]{subsection.2.2.1}{Android apps}{section.2.2}% 6
\BOOKMARK [3][-]{section*.2}{knit tink | Row Counter by Jennifer K. Warren}{subsection.2.2.1}% 7
\BOOKMARK [3][-]{figure.caption.4}{Knitting Counter by mkacki}{subsection.2.2.1}% 8
\BOOKMARK [3][-]{subsubsection.2.2.1.1}{Knitting and Crochet Buddy by Colorwork Apps}{subsection.2.2.1}% 9
\BOOKMARK [3][-]{subsubsection.2.2.1.2}{BeeCount knitting Counter by knirirr}{subsection.2.2.1}% 10
\BOOKMARK [3][-]{subsubsection.2.2.1.3}{Knitting Chart Maker by Awesome Applications}{subsection.2.2.1}% 11
\BOOKMARK [2][-]{subsection.2.2.2}{Other}{section.2.2}% 12
\BOOKMARK [3][-]{subsubsection.2.2.2.1}{KnitML by Jonathan Whitall}{subsection.2.2.2}% 13
\BOOKMARK [0][-]{chapter.3}{Requirements}{}% 14
\BOOKMARK [1][-]{section.3.1}{Functional Requirements}{chapter.3}% 15
\BOOKMARK [1][-]{section.3.2}{Non-functional Requirements}{chapter.3}% 16
\BOOKMARK [0][-]{chapter.4}{Design}{}% 17
\BOOKMARK [0][-]{chapter.5}{Android Basics}{}% 18
\BOOKMARK [1][-]{section.5.1}{Basic structure of an Android App}{chapter.5}% 19
\BOOKMARK [1][-]{section.5.2}{Basic Components of an Android App}{chapter.5}% 20
\BOOKMARK [2][-]{subsection.5.2.1}{Activity}{section.5.2}% 21
\BOOKMARK [2][-]{subsection.5.2.2}{Actionbar}{section.5.2}% 22
\BOOKMARK [2][-]{subsection.5.2.3}{Fragment}{section.5.2}% 23
\BOOKMARK [2][-]{subsection.5.2.4}{View}{section.5.2}% 24
\BOOKMARK [2][-]{subsection.5.2.5}{Resources}{section.5.2}% 25
\BOOKMARK [2][-]{subsection.5.2.6}{Storage}{section.5.2}% 26
\BOOKMARK [2][-]{subsection.5.2.7}{Gradle}{section.5.2}% 27
\BOOKMARK [0][-]{chapter.6}{Implementation}{}% 28
\BOOKMARK [1][-]{section.6.1}{Stitch symbols}{chapter.6}% 29
\BOOKMARK [1][-]{section.6.2}{Pattern}{chapter.6}% 30
\BOOKMARK [1][-]{section.6.3}{Persistent Disk Storage}{chapter.6}% 31
\BOOKMARK [1][-]{section.6.4}{Keyboard}{chapter.6}% 32
\BOOKMARK [1][-]{section.6.5}{Grid pattern format: GridEditorView}{chapter.6}% 33
\BOOKMARK [1][-]{section.6.6}{Row pattern format: RowEditorLinearLayout}{chapter.6}% 34
\BOOKMARK [1][-]{section.6.7}{Editor Activity}{chapter.6}% 35
\BOOKMARK [2][-]{subsection.6.7.1}{Editor Fragments}{section.6.7}% 36
\BOOKMARK [1][-]{section.6.8}{Viewer Activity}{chapter.6}% 37
\BOOKMARK [0][-]{chapter.7}{User Test}{}% 38
\BOOKMARK [0][-]{chapter.8}{Evaluation and Discussion}{}% 39
\BOOKMARK [0][-]{chapter.9}{Outlook}{}% 40
\BOOKMARK [0][-]{section*.15}{List of Figures}{}% 41
\BOOKMARK [0][-]{section*.16}{Listings}{}% 42
\BOOKMARK [0][-]{section*.18}{Bibliography}{}% 43
